[    0.000000] Linux version 4.15.0-212-generic (buildd@lcy02-amd64-083) (gcc version 7.5.0 (Ubuntu 7.5.0-3ubuntu1~18.04)) #223-Ubuntu SMP Tue May 23 13:09:22 UTC 2023 (Ubuntu 4.15.0-212.223-generic 4.15.18)
[    0.000000] Command line: BOOT_IMAGE=/boot/vmlinuz-4.15.0-212-generic root=LABEL=cloudimg-rootfs ro console=tty1 console=ttyS0
[    0.000000] KERNEL supported cpus:
[    0.000000]   Intel GenuineIntel
[    0.000000]   AMD AuthenticAMD
[    0.000000]   Centaur CentaurHauls
[    0.000000] x86/fpu: Supporting XSAVE feature 0x001: 'x87 floating point registers'
[    0.000000] x86/fpu: Supporting XSAVE feature 0x002: 'SSE registers'
[    0.000000] x86/fpu: Supporting XSAVE feature 0x004: 'AVX registers'
[    0.000000] x86/fpu: xstate_offset[2]:  576, xstate_sizes[2]:  256
[    0.000000] x86/fpu: Enabled xstate features 0x7, context size is 832 bytes, using 'standard' format.
[    0.000000] e820: BIOS-provided physical RAM map:
[    0.000000] BIOS-e820: [mem 0x0000000000000000-0x000000000009fbff] usable
[    0.000000] BIOS-e820: [mem 0x000000000009fc00-0x000000000009ffff] reserved
[    0.000000] BIOS-e820: [mem 0x00000000000f0000-0x00000000000fffff] reserved
[    0.000000] BIOS-e820: [mem 0x0000000000100000-0x000000003ffeffff] usable
[    0.000000] BIOS-e820: [mem 0x000000003fff0000-0x000000003fffffff] ACPI data
[    0.000000] BIOS-e820: [mem 0x00000000fec00000-0x00000000fec00fff] reserved
[    0.000000] BIOS-e820: [mem 0x00000000fee00000-0x00000000fee00fff] reserved
[    0.000000] BIOS-e820: [mem 0x00000000fffc0000-0x00000000ffffffff] reserved
[    0.000000] NX (Execute Disable) protection: active
[    0.000000] SMBIOS 2.5 present.
[    0.000000] DMI: innotek GmbH VirtualBox/VirtualBox, BIOS VirtualBox 12/01/2006
[    0.000000] Hypervisor detected: KVM
[    0.000000] e820: last_pfn = 0x3fff0 max_arch_pfn = 0x400000000
[    0.000000] MTRR: Disabled
[    0.000000] x86/PAT: MTRRs disabled, skipping PAT initialization too.
[    0.000000] CPU MTRRs all blank - virtualized system.
[    0.000000] x86/PAT: Configuration [0-7]: WB  WT  UC- UC  WB  WT  UC- UC  
[    0.000000] found SMP MP-table at [mem 0x0009fff0-0x0009ffff]
[    0.000000] Scanning 1 areas for low memory corruption
[    0.000000] RAMDISK: [mem 0x359cb000-0x36cdcfff]
[    0.000000] ACPI: Early table checksum verification disabled
[    0.000000] ACPI: RSDP 0x00000000000E0000 000024 (v02 VBOX  )
[    0.000000] ACPI: XSDT 0x000000003FFF0030 00003C (v01 VBOX   VBOXXSDT 00000001 ASL  00000061)
[    0.000000] ACPI: FACP 0x000000003FFF00F0 0000F4 (v04 VBOX   VBOXFACP 00000001 ASL  00000061)
[    0.000000] ACPI: DSDT 0x000000003FFF0610 002353 (v02 VBOX   VBOXBIOS 00000002 INTL 20210930)
[    0.000000] ACPI: FACS 0x000000003FFF0200 000040
[    0.000000] ACPI: FACS 0x000000003FFF0200 000040
[    0.000000] ACPI: APIC 0x000000003FFF0240 00005C (v02 VBOX   VBOXAPIC 00000001 ASL  00000061)
[    0.000000] ACPI: SSDT 0x000000003FFF02A0 00036C (v01 VBOX   VBOXCPUT 00000002 INTL 20210930)
[    0.000000] ACPI: Reserving FACP table memory at [mem 0x3fff00f0-0x3fff01e3]
[    0.000000] ACPI: Reserving DSDT table memory at [mem 0x3fff0610-0x3fff2962]
[    0.000000] ACPI: Reserving FACS table memory at [mem 0x3fff0200-0x3fff023f]
[    0.000000] ACPI: Reserving FACS table memory at [mem 0x3fff0200-0x3fff023f]
[    0.000000] ACPI: Reserving APIC table memory at [mem 0x3fff0240-0x3fff029b]
[    0.000000] ACPI: Reserving SSDT table memory at [mem 0x3fff02a0-0x3fff060b]
[    0.000000] No NUMA configuration found
[    0.000000] Faking a node at [mem 0x0000000000000000-0x000000003ffeffff]
[    0.000000] NODE_DATA(0) allocated [mem 0x3ffc5000-0x3ffeffff]
[    0.000000] kvm-clock: cpu 0, msr 0:3ff44001, primary cpu clock
[    0.000000] kvm-clock: Using msrs 4b564d01 and 4b564d00
[    0.000000] kvm-clock: using sched offset of 3530604645 cycles
[    0.000000] clocksource: kvm-clock: mask: 0xffffffffffffffff max_cycles: 0x1cd42e4dffb, max_idle_ns: 881590591483 ns
[    0.000000] Zone ranges:
[    0.000000]   DMA      [mem 0x0000000000001000-0x0000000000ffffff]
[    0.000000]   DMA32    [mem 0x0000000001000000-0x000000003ffeffff]
[    0.000000]   Normal   empty
[    0.000000]   Device   empty
[    0.000000] Movable zone start for each node
[    0.000000] Early memory node ranges
[    0.000000]   node   0: [mem 0x0000000000001000-0x000000000009efff]
[    0.000000]   node   0: [mem 0x0000000000100000-0x000000003ffeffff]
[    0.000000] Reserved but unavailable: 104 pages
[    0.000000] Initmem setup node 0 [mem 0x0000000000001000-0x000000003ffeffff]
[    0.000000] ACPI: PM-Timer IO Port: 0x4008
[    0.000000] IOAPIC[0]: apic_id 2, version 32, address 0xfec00000, GSI 0-23
[    0.000000] ACPI: INT_SRC_OVR (bus 0 bus_irq 0 global_irq 2 dfl dfl)
[    0.000000] ACPI: INT_SRC_OVR (bus 0 bus_irq 9 global_irq 9 low level)
[    0.000000] Using ACPI (MADT) for SMP configuration information
[    0.000000] smpboot: Allowing 2 CPUs, 0 hotplug CPUs
[    0.000000] PM: Registered nosave memory: [mem 0x00000000-0x00000fff]
[    0.000000] PM: Registered nosave memory: [mem 0x0009f000-0x0009ffff]
[    0.000000] PM: Registered nosave memory: [mem 0x000a0000-0x000effff]
[    0.000000] PM: Registered nosave memory: [mem 0x000f0000-0x000fffff]
[    0.000000] e820: [mem 0x40000000-0xfebfffff] available for PCI devices
[    0.000000] Booting paravirtualized kernel on KVM
[    0.000000] clocksource: refined-jiffies: mask: 0xffffffff max_cycles: 0xffffffff, max_idle_ns: 7645519600211568 ns
[    0.000000] setup_percpu: NR_CPUS:8192 nr_cpumask_bits:2 nr_cpu_ids:2 nr_node_ids:1
[    0.000000] percpu: Embedded 50 pages/cpu s167936 r8192 d28672 u1048576
[    0.000000] PV qspinlock hash table entries: 256 (order: 0, 4096 bytes)
[    0.000000] Built 1 zonelists, mobility grouping on.  Total pages: 257913
[    0.000000] Policy zone: DMA32
[    0.000000] Kernel command line: BOOT_IMAGE=/boot/vmlinuz-4.15.0-212-generic root=LABEL=cloudimg-rootfs ro console=tty1 console=ttyS0
[    0.000000] Memory: 982644K/1048120K available (12300K kernel code, 2477K rwdata, 4324K rodata, 2480K init, 2720K bss, 65476K reserved, 0K cma-reserved)
[    0.000000] SLUB: HWalign=64, Order=0-3, MinObjects=0, CPUs=2, Nodes=1
[    0.000000] Kernel/User page tables isolation: enabled
[    0.000000] ftrace: allocating 39508 entries in 155 pages
[    0.004000] Hierarchical RCU implementation.
[    0.004000] 	RCU restricting CPUs from NR_CPUS=8192 to nr_cpu_ids=2.
[    0.004000] 	Tasks RCU enabled.
[    0.004000] RCU: Adjusting geometry for rcu_fanout_leaf=16, nr_cpu_ids=2
[    0.004000] NR_IRQS: 524544, nr_irqs: 440, preallocated irqs: 16
[    0.004000] random: crng init done
[    0.004000] Console: colour VGA+ 80x25
[    0.004000] console [tty1] enabled
[    0.004000] console [ttyS0] enabled
[    0.004000] ACPI: Core revision 20170831
[    0.004000] ACPI: 2 ACPI AML tables successfully acquired and loaded
[    0.004000] APIC: Switch to symmetric I/O mode setup
[    0.004000] x2apic enabled
[    0.004021] Switched APIC routing to physical x2apic.
[    0.008000] ..TIMER: vector=0x30 apic1=0 pin1=2 apic2=-1 pin2=-1
[    0.008005] tsc: Detected 1398.023 MHz processor
[    0.010757] Calibrating delay loop (skipped) preset value.. 2796.04 BogoMIPS (lpj=5592092)
[    0.012002] pid_max: default: 32768 minimum: 301
[    0.016042] Security Framework initialized
[    0.020002] Yama: becoming mindful.
[    0.022487] AppArmor: AppArmor initialized
[    0.025460] Dentry cache hash table entries: 131072 (order: 8, 1048576 bytes)
[    0.028734] Inode-cache hash table entries: 65536 (order: 7, 524288 bytes)
[    0.036036] Mount-cache hash table entries: 2048 (order: 2, 16384 bytes)
[    0.039946] Mountpoint-cache hash table entries: 2048 (order: 2, 16384 bytes)
[    0.041274] Last level iTLB entries: 4KB 64, 2MB 8, 4MB 8
[    0.044002] Last level dTLB entries: 4KB 64, 2MB 0, 4MB 0, 1GB 4
[    0.047540] Spectre V1 : Mitigation: usercopy/swapgs barriers and __user pointer sanitization
[    0.048003] Spectre V2 : Mitigation: Retpolines
[    0.050742] Spectre V2 : Spectre v2 / SpectreRSB mitigation: Filling RSB on context switch
[    0.052002] Spectre V2 : Spectre v2 / SpectreRSB : Filling RSB on VMEXIT
[    0.056002] RETBleed: WARNING: Spectre v2 mitigation leaves CPU vulnerable to RETBleed attacks, data leaks possible!
[    0.060002] RETBleed: Vulnerable
[    0.064002] Speculative Store Bypass: Vulnerable
[    0.066884] MDS: Mitigation: Clear CPU buffers
[    0.068002] MMIO Stale Data: Mitigation: Clear CPU buffers
[    0.072016] SRBDS: Unknown: Dependent on hypervisor status
[    0.076176] Freeing SMP alternatives memory: 36K
[    0.192376] smpboot: CPU0: Intel(R) Core(TM) i5-8257U CPU @ 1.40GHz (family: 0x6, model: 0x8e, stepping: 0xa)
[    0.196234] Performance Events: unsupported p6 CPU model 142 no PMU driver, software events only.
[    0.200068] Hierarchical SRCU implementation.
[    0.204598] NMI watchdog: Perf event create on CPU 0 failed with -2
[    0.208002] NMI watchdog: Perf NMI watchdog permanently disabled
[    0.212144] smp: Bringing up secondary CPUs ...
[    0.215158] x86: Booting SMP configuration:
[    0.216002] .... node  #0, CPUs:      #1
[    0.004000] kvm-clock: cpu 1, msr 0:3ff44041, secondary cpu clock
[    0.224164] smp: Brought up 1 node, 2 CPUs
[    0.226625] smpboot: Max logical packages: 1
[    0.228005] smpboot: Total of 2 processors activated (5592.09 BogoMIPS)
[    0.232215] devtmpfs: initialized
[    0.236069] x86/mm: Memory block size: 128MB
[    0.238792] evm: security.selinux
[    0.240003] evm: security.SMACK64
[    0.242017] evm: security.SMACK64EXEC
[    0.244002] evm: security.SMACK64TRANSMUTE
[    0.246467] evm: security.SMACK64MMAP
[    0.248002] evm: security.apparmor
[    0.250064] evm: security.ima
[    0.252002] evm: security.capability
[    0.256230] clocksource: jiffies: mask: 0xffffffff max_cycles: 0xffffffff, max_idle_ns: 7645041785100000 ns
[    0.260008] futex hash table entries: 512 (order: 3, 32768 bytes)
[    0.264092] pinctrl core: initialized pinctrl subsystem
[    0.268346] RTC time: 20:48:20, date: 06/16/24
[    0.272212] NET: Registered protocol family 16
[    0.274893] audit: initializing netlink subsys (disabled)
[    0.276065] audit: type=2000 audit(1718570904.943:1): state=initialized audit_enabled=0 res=1
[    0.280069] cpuidle: using governor ladder
[    0.282784] cpuidle: using governor menu
[    0.284039] ACPI: bus type PCI registered
[    0.288003] acpiphp: ACPI Hot Plug PCI Controller Driver version: 0.5
[    0.292332] PCI: Using configuration type 1 for base access
[    0.300147] HugeTLB registered 2.00 MiB page size, pre-allocated 0 pages
[    0.304165] ACPI: Added _OSI(Module Device)
[    0.308027] ACPI: Added _OSI(Processor Device)
[    0.312007] ACPI: Added _OSI(3.0 _SCP Extensions)
[    0.316002] ACPI: Added _OSI(Processor Aggregator Device)
[    0.320003] ACPI: Added _OSI(Linux-Dell-Video)
[    0.322605] ACPI: Added _OSI(Linux-Lenovo-NV-HDMI-Audio)
[    0.324003] ACPI: Added _OSI(Linux-HPI-Hybrid-Graphics)
[    0.328598] ACPI: Executed 1 blocks of module-level executable AML code
[    0.337500] ACPI: Interpreter enabled
[    0.339708] ACPI: (supports S0 S5)
[    0.340002] ACPI: Using IOAPIC for interrupt routing
[    0.344348] PCI: Using host bridge windows from ACPI; if necessary, use "pci=nocrs" and report a bug
[    0.348215] ACPI: Enabled 2 GPEs in block 00 to 07
[    0.363009] ACPI: PCI Root Bridge [PCI0] (domain 0000 [bus 00-ff])
[    0.364020] acpi PNP0A03:00: _OSC: OS supports [ASPM ClockPM Segments MSI]
[    0.372228] acpi PNP0A03:00: _OSC: not requesting OS control; OS requires [ExtendedConfig ASPM ClockPM MSI]
[    0.376015] acpi PNP0A03:00: fail to add MMCONFIG information, can't access extended PCI configuration space under this bridge.
[    0.380692] PCI host bridge to bus 0000:00
[    0.384003] pci_bus 0000:00: root bus resource [io  0x0000-0x0cf7 window]
[    0.388011] pci_bus 0000:00: root bus resource [io  0x0d00-0xffff window]
[    0.392004] pci_bus 0000:00: root bus resource [mem 0x000a0000-0x000bffff window]
[    0.396011] pci_bus 0000:00: root bus resource [mem 0x40000000-0xfdffffff window]
[    0.400008] pci_bus 0000:00: root bus resource [bus 00-ff]
[    0.411692] pci 0000:00:01.1: legacy IDE quirk: reg 0x10: [io  0x01f0-0x01f7]
[    0.412006] pci 0000:00:01.1: legacy IDE quirk: reg 0x14: [io  0x03f6]
[    0.416011] pci 0000:00:01.1: legacy IDE quirk: reg 0x18: [io  0x0170-0x0177]
[    0.420004] pci 0000:00:01.1: legacy IDE quirk: reg 0x1c: [io  0x0376]
[    0.495312] pci 0000:00:07.0: quirk: [io  0x4000-0x403f] claimed by PIIX4 ACPI
[    0.496034] pci 0000:00:07.0: quirk: [io  0x4100-0x410f] claimed by PIIX4 SMB
[    0.514341] ACPI: PCI Interrupt Link [LNKA] (IRQs 5 9 10 *11)
[    0.516514] ACPI: PCI Interrupt Link [LNKB] (IRQs 5 9 *10 11)
[    0.520209] ACPI: PCI Interrupt Link [LNKC] (IRQs 5 *9 10 11)
[    0.524188] ACPI: PCI Interrupt Link [LNKD] (IRQs 5 9 10 *11)
[    0.528498] SCSI subsystem initialized
[    0.532122] pci 0000:00:02.0: vgaarb: setting as boot VGA device
[    0.536000] pci 0000:00:02.0: vgaarb: VGA device added: decodes=io+mem,owns=io+mem,locks=none
[    0.536011] pci 0000:00:02.0: vgaarb: bridge control possible
[    0.540006] vgaarb: loaded
[    0.541772] ACPI: bus type USB registered
[    0.544029] usbcore: registered new interface driver usbfs
[    0.548034] usbcore: registered new interface driver hub
[    0.552017] usbcore: registered new device driver usb
[    0.555124] EDAC MC: Ver: 3.0.0
[    0.560159] PCI: Using ACPI for IRQ routing
[    0.563181] NetLabel: Initializing
[    0.564003] NetLabel:  domain hash size = 128
[    0.568002] NetLabel:  protocols = UNLABELED CIPSOv4 CALIPSO
[    0.571362] NetLabel:  unlabeled traffic allowed by default
[    0.576138] clocksource: Switched to clocksource kvm-clock
[    0.599558] VFS: Disk quotas dquot_6.6.0
[    0.602047] VFS: Dquot-cache hash table entries: 512 (order 0, 4096 bytes)
[    0.606322] AppArmor: AppArmor Filesystem Enabled
[    0.609170] pnp: PnP ACPI init
[    0.613473] pnp: PnP ACPI: found 3 devices
[    0.631965] clocksource: acpi_pm: mask: 0xffffff max_cycles: 0xffffff, max_idle_ns: 2085701024 ns
[    0.637119] NET: Registered protocol family 2
[    0.639874] IP idents hash table entries: 16384 (order: 5, 131072 bytes)
[    0.644170] TCP established hash table entries: 8192 (order: 4, 65536 bytes)
[    0.648014] TCP bind hash table entries: 8192 (order: 5, 131072 bytes)
[    0.652123] TCP: Hash tables configured (established 8192 bind 8192)
[    0.656048] UDP hash table entries: 512 (order: 2, 16384 bytes)
[    0.659514] UDP-Lite hash table entries: 512 (order: 2, 16384 bytes)
[    0.663215] NET: Registered protocol family 1
[    0.665837] pci 0000:00:00.0: Limiting direct PCI/PCI transfers
[    0.669300] pci 0000:00:01.0: Activating ISA DMA hang workarounds
[    0.672933] pci 0000:00:02.0: Video device with shadowed ROM at [mem 0x000c0000-0x000dffff]
[    0.678336] Unpacking initramfs...
[    1.010484] Freeing initrd memory: 19528K
[    1.013924] clocksource: tsc: mask: 0xffffffffffffffff max_cycles: 0x1426d4d27da, max_idle_ns: 440795270538 ns
[    1.019696] platform rtc_cmos: registered platform RTC device (no PNP device found)
[    1.024222] Scanning for low memory corruption every 60 seconds
[    1.028849] Initialise system trusted keyrings
[    1.031416] Key type blacklist registered
[    1.034139] workingset: timestamp_bits=36 max_order=18 bucket_order=0
[    1.039368] zbud: loaded
[    1.041812] squashfs: version 4.0 (2009/01/31) Phillip Lougher
[    1.045921] fuse init (API version 7.26)
[    1.058449] Key type asymmetric registered
[    1.060966] Asymmetric key parser 'x509' registered
[    1.063849] Block layer SCSI generic (bsg) driver version 0.4 loaded (major 246)
[    1.068300] io scheduler noop registered
[    1.070634] io scheduler deadline registered
[    1.073744] io scheduler cfq registered (default)
[    1.077183] ACPI: AC Adapter [AC] (on-line)
[    1.079755] input: Power Button as /devices/LNXSYSTM:00/LNXPWRBN:00/input/input0
[    1.084376] ACPI: Power Button [PWRF]
[    1.086911] input: Sleep Button as /devices/LNXSYSTM:00/LNXSLPBN:00/input/input1
[    1.091239] ACPI: Sleep Button [SLPF]
[    1.095982] ACPI: Battery Slot [BAT0] (battery present)
[    1.099223] Serial: 8250/16550 driver, 32 ports, IRQ sharing enabled
[    1.129007] 00:02: ttyS0 at I/O 0x3f8 (irq = 4, base_baud = 115200) is a 16550A
[    1.134943] Linux agpgart interface v0.103
[    1.140652] loop: module loaded
[    1.144564] scsi host0: ata_piix
[    1.147155] scsi host1: ata_piix
[    1.149381] ata1: PATA max UDMA/33 cmd 0x1f0 ctl 0x3f6 bmdma 0xd000 irq 14
[    1.153671] ata2: PATA max UDMA/33 cmd 0x170 ctl 0x376 bmdma 0xd008 irq 15
[    1.158113] tun: Universal TUN/TAP device driver, 1.6
[    1.161565] PPP generic driver version 2.4.2
[    1.164637] ehci_hcd: USB 2.0 'Enhanced' Host Controller (EHCI) Driver
[    1.168517] ehci-pci: EHCI PCI platform driver
[    1.168517] ehci-platform: EHCI generic platform driver
[    1.174833] ohci_hcd: USB 1.1 'Open' Host Controller (OHCI) Driver
[    1.178624] ohci-pci: OHCI PCI platform driver
[    1.181605] ohci-platform: OHCI generic platform driver
[    1.185006] uhci_hcd: USB Universal Host Controller Interface driver
[    1.188918] i8042: PNP: PS/2 Controller [PNP0303:PS2K,PNP0f03:PS2M] at 0x60,0x64 irq 1,12
[    1.195970] serio: i8042 KBD port at 0x60,0x64 irq 1
[    1.198864] serio: i8042 AUX port at 0x60,0x64 irq 12
[    1.198864] mousedev: PS/2 mouse device common for all mice
[    1.206847] input: AT Translated Set 2 keyboard as /devices/platform/i8042/serio0/input/input2
[    1.213405] rtc_cmos rtc_cmos: rtc core: registered rtc_cmos as rtc0
[    1.217667] rtc_cmos rtc_cmos: alarms up to one day, 114 bytes nvram
[    1.221463] i2c /dev entries driver
[    1.224075] device-mapper: uevent: version 1.0.3
[    1.227095] device-mapper: ioctl: 4.37.0-ioctl (2017-09-20) initialised: dm-devel@redhat.com
[    1.232790] ledtrig-cpu: registered to indicate activity on CPUs
[    1.238288] NET: Registered protocol family 10
[    1.247478] Segment Routing with IPv6
[    1.249925] NET: Registered protocol family 17
[    1.253265] Key type dns_resolver registered
[    1.256540] mce: Using 0 MCE banks
[    1.258870] RAS: Correctable Errors collector initialized.
[    1.260451] sched_clock: Marking stable (1256451760, 0)->(1722758782, -466307022)
[    1.268279] registered taskstats version 1
[    1.270963] Loading compiled-in X.509 certificates
[    1.277764] Loaded X.509 cert 'Build time autogenerated kernel key: b5b26778eaa3ab3a4a6cee031137706e947d12ad'
[    1.284067] Loaded X.509 cert 'Canonical Ltd. Live Patch Signing: 14df34d1a87cf37625abec039ef2bf521249b969'
[    1.290324] Loaded X.509 cert 'Canonical Ltd. Kernel Module Signing: 88f752e560a1e0737e31163a466ad7b70a850c19'
[    1.296872] blacklist: Loading compiled-in revocation X.509 certificates
[    1.300923] Loaded X.509 cert 'Canonical Ltd. Secure Boot Signing: 61482aa2830d0ab2ad5af10b7250da9033ddcef0'
[    1.306848] Loaded X.509 cert 'Canonical Ltd. Secure Boot Signing (2017): 242ade75ac4a15e50d50c84b0d45ff3eae707a03'
[    1.313125] Loaded X.509 cert 'Canonical Ltd. Secure Boot Signing (ESM 2018): 365188c1d374d6b07c3c8f240f8ef722433d6a8b'
[    1.319415] Loaded X.509 cert 'Canonical Ltd. Secure Boot Signing (2019): c0746fd6c5da3ae827864651ad66ae47fe24b3e8'
[    1.325741] Loaded X.509 cert 'Canonical Ltd. Secure Boot Signing (2021 v1): a8d54bbb3825cfb94fa13c9f8a594a195c107b8d'
[    1.333310] Loaded X.509 cert 'Canonical Ltd. Secure Boot Signing (2021 v2): 4cf046892d6fd3c9a5b03f98d845f90851dc6a8c'
[    1.340435] Loaded X.509 cert 'Canonical Ltd. Secure Boot Signing (2021 v3): 100437bb6de6e469b581e61cd66bce3ef4ed53af'
[    1.348638] Loaded X.509 cert 'Canonical Ltd. Secure Boot Signing (Ubuntu Core 2019): c1d57b8f6b743f23ee41f4f7ee292f06eecadfb9'
[    1.380164] zswap: loaded using pool lzo/zbud
[    1.390734] Key type big_key registered
[    1.393397] Key type trusted registered
[    1.398974] Key type encrypted registered
[    1.401645] AppArmor: AppArmor sha1 policy hashing enabled
[    1.406218] ima: No TPM chip found, activating TPM-bypass! (rc=-19)
[    1.410404] ima: Allocated hash algorithm: sha1
[    1.413697] evm: HMAC attrs: 0x1
[    1.416413]   Magic number: 12:113:852
[    1.419567] rtc_cmos rtc_cmos: setting system clock to 2024-06-16 20:48:21 UTC (1718570901)
[    1.426295] BIOS EDD facility v0.16 2004-Jun-25, 0 devices found
[    1.429973] EDD information not available.
[    1.435713] Freeing unused kernel image memory: 2480K
[    1.457016] Write protecting the kernel read-only data: 20480k
[    1.464460] Freeing unused kernel image memory: 2008K
[    1.469292] Freeing unused kernel image memory: 1820K
[    1.479838] x86/mm: Checked W+X mappings: passed, no W+X pages found.
[    1.484608] x86/mm: Checking user space page tables
[    1.493747] x86/mm: Checked W+X mappings: passed, no W+X pages found.
Loading, please wait...
starting version 237
[    1.576369] e1000: Intel(R) PRO/1000 Network Driver - version 7.3.21-k8-NAPI
[    1.580935] e1000: Copyright (c) 1999-2006 Intel Corporation.
[    1.587016] Fusion MPT base driver 3.04.20
[    1.589906] Copyright (c) 1999-2008 LSI Corporation
[    1.623826] AVX2 version of gcm_enc/dec engaged.
[    1.627615] AES CTR mode by8 optimization enabled
[    1.632287] Fusion MPT SPI Host driver 3.04.20
[    1.861125] input: ImExPS/2 Generic Explorer Mouse as /devices/platform/i8042/serio1/input/input4
[    2.132203] e1000 0000:00:03.0 eth0: (PCI:33MHz:32-bit) 02:3b:7b:b7:3b:2d
[    2.136330] e1000 0000:00:03.0 eth0: Intel(R) PRO/1000 Network Connection
[    2.142129] mptbase: ioc0: Initiating bringup
[    2.143305] e1000 0000:00:03.0 enp0s3: renamed from eth0
[    2.257080] ioc0: LSI53C1030 A0: Capabilities={Initiator}
[    2.515711] scsi host2: ioc0: LSI53C1030 A0, FwRev=00000000h, Ports=1, MaxQ=256, IRQ=20
[    2.690206] scsi 2:0:0:0: Direct-Access     VBOX     HARDDISK         1.0  PQ: 0 ANSI: 5
[    2.732744] scsi target2:0:0: Beginning Domain Validation
[    2.743423] scsi target2:0:0: Domain Validation skipping write tests
[    2.748854] scsi target2:0:0: Ending Domain Validation
[    2.753000] scsi target2:0:0: asynchronous
[    2.757260] scsi 2:0:1:0: Direct-Access     VBOX     HARDDISK         1.0  PQ: 0 ANSI: 5
[    2.792738] scsi target2:0:1: Beginning Domain Validation
[    2.799076] scsi target2:0:1: Domain Validation skipping write tests
[    2.802922] scsi target2:0:1: Ending Domain Validation
[    2.806280] scsi target2:0:1: asynchronous
[    2.815577] sd 2:0:0:0: [sda] 83886080 512-byte logical blocks: (42.9 GB/40.0 GiB)
[    2.820198] sd 2:0:0:0: [sda] Write Protect is off
[    2.823266] sd 2:0:0:0: [sda] Incomplete mode parameter data
[    2.827152] sd 2:0:0:0: [sda] Assuming drive cache: write through
[    2.831969] sd 2:0:0:0: Attached scsi generic sg0 type 0
[    2.836248] sd 2:0:1:0: [sdb] 20480 512-byte logical blocks: (10.5 MB/10.0 MiB)
[    2.841514] sd 2:0:1:0: [sdb] Write Protect is off
[    2.841573] sd 2:0:1:0: Attached scsi generic sg1 type 0
[    2.850066] sd 2:0:1:0: [sdb] Incomplete mode parameter data
[    2.854200] sd 2:0:1:0: [sdb] Assuming drive cache: write through
[    2.857112]  sda: sda1
[    2.862569] sd 2:0:0:0: [sda] Attached SCSI disk
[    2.867470] sd 2:0:1:0: [sdb] Attached SCSI disk
Begin: Loading essential drivers ... [    4.985538] raid6: sse2x1   gen() 16783 MB/s
[    5.054759] raid6: sse2x1   xor()  9078 MB/s
[    5.121171] raid6: sse2x2   gen() 19215 MB/s
[    5.270155] raid6: sse2x2   xor() 32729 MB/s
[    5.454619] raid6: sse2x4   gen() 51095 MB/s
[    5.512506] raid6: sse2x4   xor() 12037 MB/s
[    5.564157] raid6: avx2x1   gen() 23320 MB/s
[    5.624015] raid6: avx2x1   xor() 18286 MB/s
[    5.880398] raid6: avx2x2   gen() 122578 MB/s
[    5.936427] raid6: avx2x2   xor() 17885 MB/s
[    6.000496] raid6: avx2x4   gen() 35194 MB/s
[    6.062099] raid6: avx2x4   xor() 20798 MB/s
[    6.065947] raid6: using algorithm avx2x2 gen() 122578 MB/s
[    6.071532] raid6: .... xor() 17885 MB/s, rmw enabled
[    6.075043] raid6: using avx2x2 recovery algorithm
[    6.080518] xor: automatically using best checksumming function   avx       
[    6.085842] async_tx: api initialized (async)
done.
Begin: Running /scripts/init-premount ... done.
Begin: Mounting root file system ... Begin: Running /scripts/local-top ... done.
Begin: Running /scripts/local-premount ... [    6.140275] Btrfs loaded, crc32c=crc32c-intel
Scanning for Btrfs filesystems
done.
Warning: fsck not present, so skipping root file system
[    6.176200] EXT4-fs (sda1): mounted filesystem with ordered data mode. Opts: (null)
done.
Begin: Running /scripts/local-bottom ... done.
Begin: Running /scripts/init-bottom ... done.
[    6.409426] ip_tables: (C) 2000-2006 Netfilter Core Team
[    6.425905] systemd[1]: systemd 237 running in system mode. (+PAM +AUDIT +SELINUX +IMA +APPARMOR +SMACK +SYSVINIT +UTMP +LIBCRYPTSETUP +GCRYPT +GNUTLS +ACL +XZ +LZ4 +SECCOMP +BLKID +ELFUTILS +KMOD -IDN2 +IDN -PCRE2 default-hierarchy=hybrid)
[    6.439649] systemd[1]: Detected virtualization oracle.
[    6.443203] systemd[1]: Detected architecture x86-64.

Welcome to [1mUbuntu 18.04.6 LTS[0m!

[    6.462592] systemd[1]: Set hostname to <ubuntu>.
[    6.468656] systemd[1]: Initializing machine ID from random generator.
[    6.472660] systemd[1]: Installed transient /etc/machine-id file.
[    6.770331] systemd[1]: Reached target Swap.
[[0;32m  OK  [0m] Reached target Swap.
[    6.775617] systemd[1]: Set up automount Arbitrary Executable File Formats File System Automount Point.
[[0;32m  OK  [0m] Set up automount Arbitrary Executab…rmats File System Automount Point.
[    6.790121] systemd[1]: Created slice System Slice.
[[0;32m  OK  [0m] Created slice System Slice.
[    6.795666] systemd[1]: Listening on udev Control Socket.
[[0;32m  OK  [0m] Listening on udev Control Socket.
[[0;32m  OK  [0m] Listening on udev Kernel Socket.
[[0;32m  OK  [0m] Reached target User and Group Name Lookups.
[[0;32m  OK  [0m] Listening on LVM2 metadata daemon socket.
[[0;32m  OK  [0m] Listening on Journal Socket.
         Starting Create list of required st…ce nodes for the current kernel...
         Starting udev Coldplug all Devices...
[[0;32m  OK  [0m] Listening on LVM2 poll daemon socket.
[[0;32m  OK  [0m] Reached target Mounting snaps.
[[0;32m  OK  [0m] Reached target Mounted snaps.
[[0;32m  OK  [0m] Listening on Journal Audit Socket.
[[0;32m  OK  [0m] Listening on fsck to fsckd communication Socket.
         Starting File System Check on Root Device...
[[0;32m  OK  [0m] Listening on Network Service Netlink Socket.
         Starting Load Kernel Modules...
         Mounting POSIX Message Queue File System...
         Starting Uncomplicated firewall...
[[0;32m  OK  [0m] Listening on /dev/initctl Compatibility Named Pipe.
[[0;32m  OK  [0m] Created slice User and Session Slice.
[[0;32m  OK  [0m] Reached target Slices.
[[0;32m  OK  [0m] Started Forward Password Requests to Wall Directory Watch.
         Starting Set the console keyboard layout...
         Mounting Huge Pages File System...
[[0;32m  OK  [0m] Listening on Journal Socket (/dev/log).
[[0;32m  OK  [0m] Reached target System Time Synchronized.
[    6.882008] Loading iSCSI transport class v2.0-870.
[[0;32m  OK  [0m] Listening on Syslog Socket.
         Starting Journal Service...
[[0;32m  OK  [0m] Created slice system-serial\x2dgetty.slice.
         Mounting Kernel Debug File System...
[[0;32m  OK  [0m] Listening on Device-mapper event daemon FIFOs.
         Starting Monitoring of LVM2 mirrors…ng dmeventd or progress polling...
[[0;32m  OK  [0m] Started Create list of required sta…vice nodes for the current kernel.
[[0;32m  OK  [0m] Mounted POSIX Message Queue File System.
[[0;32m  OK  [0m] Started Uncomplicated firewall.
[[0;32m  OK  [0m] Mounted Huge Pages File System.
[[0;32m  OK  [0m] Mounted Kernel Debug File System.
[    6.931672] iscsi: registered transport (tcp)
[[0;32m  OK  [0m] Started File System Check Daemon to report status.
         Starting Create Static Device Nodes in /dev...
[[0;32m  OK  [0m] Started Journal Service.
[[0;32m  OK  [0m] Started udev Coldplug all Devices.
[[0;32m  OK  [0m] Started LVM2 metadata daemon.
[[0;32m  OK  [0m] Started File System Check on Root Device.
         Starting Remount Root and Kernel File Systems...
[[0;32m  OK  [0m] Started Create Static Device Nodes in /dev.
[    7.050951] iscsi: registered transport (iser)
[[0;32m  OK  [0m] Started Load Kernel Modules.
         Mounting FUSE Control File System...
         Starting Apply Kernel Variables...
         Mounting Kernel Configuration File System...
[[0;32m  OK  [0m] Mounted FUSE Control File System.
[[0;32m  OK  [0m] Mounted Kernel Configuration File System.
[[0;32m  OK  [0m] Started Remount Root and Kernel File Systems.
         Starting udev Kernel Device Manager...
         Starting Flush Journal to Persistent Storage...
         Starting Load/Save Random Seed...
[[0;32m  OK  [0m] Started Monitoring of LVM2 mirrors,…sing dmeventd or progress polling.
[[0;32m  OK  [0m] Started Apply Kernel Variables.
[[0;32m  OK  [0m] Started Load/Save Random Seed.
[[0;32m  OK  [0m] Started udev Kernel Device Manager.
[[0;32m  OK  [0m] Started Flush Journal to Persistent Storage.
[[0;32m  OK  [0m] Found device /dev/ttyS0.
[[0;32m  OK  [0m] Listening on Load/Save RF Kill Switch Status /dev/rfkill Watch.
         Mounting Arbitrary Executable File Formats File System...
[[0;32m  OK  [0m] Mounted Arbitrary Executable File Formats File System.
[[0;32m  OK  [0m] Started Set the console keyboard layout.
[[0;32m  OK  [0m] Started Dispatch Password Requests to Console Directory Watch.
[[0;32m  OK  [0m] Reached target Local Encrypted Volumes.
[[0;32m  OK  [0m] Reached target Local File Systems (Pre).
[[0;32m  OK  [0m] Reached target Local File Systems.
         Starting Create Volatile Files and Directories...
         Starting Set console font and keymap...
         Starting AppArmor initialization...
         Starting Tell Plymouth To Write Out Runtime Data...
         Starting Commit a transient machine-id on disk...
         Starting ebtables ruleset management...
[[0;32m  OK  [0m] Started Tell Plymouth To Write Out Runtime Data.
[[0;32m  OK  [0m] Started Create Volatile Files and Directories.
         Starting Update UTMP about System Boot/Shutdown...
[[0;32m  OK  [0m] Started Update UTMP about System Boot/Shutdown.
[[0;32m  OK  [0m] Started Commit a transient machine-id on disk.
[[0;32m  OK  [0m] Started ebtables ruleset management.
[[0;32m  OK  [0m] Started AppArmor initialization.
         Starting Load AppArmor profiles managed internally by snapd...
         Starting Initial cloud-init job (pre-networking)...
[[0;32m  OK  [0m] Started Load AppArmor profiles managed internally by snapd.
[[0;32m  OK  [0m] Started Set console font and keymap.
[   11.216530] cloud-init[769]: Cloud-init v. 23.1.2-0ubuntu0~18.04.1 running 'init-local' at Sun, 16 Jun 2024 20:48:30 +0000. Up 10.85 seconds.
[[0;32m  OK  [0m] Started Initial cloud-init job (pre-networking).
[[0;32m  OK  [0m] Reached target Network (Pre).
         Starting Network Service...
[[0;32m  OK  [0m] Started Network Service.
         Starting Network Name Resolution...
         Starting Wait for Network to be Configured...
[[0;32m  OK  [0m] Started Network Name Resolution.
[[0;32m  OK  [0m] Reached target Network.
[[0;32m  OK  [0m] Reached target Host and Network Name Lookups.
[[0;32m  OK  [0m] Started Wait for Network to be Configured.
         Starting Initial cloud-init job (metadata service crawler)...
[   13.067918] cloud-init[927]: Cloud-init v. 23.1.2-0ubuntu0~18.04.1 running 'init' at Sun, 16 Jun 2024 20:48:32 +0000. Up 12.91 seconds.
[   13.073203] cloud-init[927]: ci-info: ++++++++++++++++++++++++++++++++++++++Net device info++++++++++++++++++++++++++++++++++++++
[   13.078329] cloud-init[927]: ci-info: +--------+------+----------------------------+---------------+--------+-------------------+
[   13.083577] cloud-init[927]: ci-info: | Device |  Up  |          Address           |      Mask     | Scope  |     Hw-Address    |
[   13.088731] cloud-init[927]: ci-info: +--------+------+----------------------------+---------------+--------+-------------------+
[   13.093591] cloud-init[927]: ci-info: | enp0s3 | True |         10.0.2.15          | 255.255.255.0 | global | 02:3b:7b:b7:3b:2d |
[   13.098758] cloud-init[927]: ci-info: | enp0s3 | True | fe80::3b:7bff:feb7:3b2d/64 |       .       |  link  | 02:3b:7b:b7:3b:2d |
[   13.103970] cloud-init[927]: ci-info: |   lo   | True |         127.0.0.1          |   255.0.0.0   |  host  |         .         |
[   13.109183] cloud-init[927]: ci-info: |   lo   | True |          ::1/128           |       .       |  host  |         .         |
[   13.114263] cloud-init[927]: ci-info: +--------+------+----------------------------+---------------+--------+-------------------+
[   13.119140] cloud-init[927]: ci-info: ++++++++++++++++++++++++++++Route IPv4 info+++++++++++++++++++++++++++++
[   13.123187] cloud-init[927]: ci-info: +-------+-------------+----------+-----------------+-----------+-------+
[   13.129368] cloud-init[927]: ci-info: | Route | Destination | Gateway  |     Genmask     | Interface | Flags |
[   13.134454] cloud-init[927]: ci-info: +-------+-------------+----------+-----------------+-----------+-------+
[   13.139092] cloud-init[927]: ci-info: |   0   |   0.0.0.0   | 10.0.2.2 |     0.0.0.0     |   enp0s3  |   UG  |
[   13.143653] cloud-init[927]: ci-info: |   1   |   10.0.2.0  | 0.0.0.0  |  255.255.255.0  |   enp0s3  |   U   |
[   13.147534] cloud-init[927]: ci-info: |   2   |   10.0.2.2  | 0.0.0.0  | 255.255.255.255 |   enp0s3  |   UH  |
[   13.152273] cloud-init[927]: ci-info: +-------+-------------+----------+-----------------+-----------+-------+
[   13.156362] cloud-init[927]: ci-info: +++++++++++++++++++Route IPv6 info+++++++++++++++++++
[   13.160566] cloud-init[927]: ci-info: +-------+-------------+---------+-----------+-------+
[   13.164356] cloud-init[927]: ci-info: | Route | Destination | Gateway | Interface | Flags |
[   13.168316] cloud-init[927]: ci-info: +-------+-------------+---------+-----------+-------+
[   13.173731] cloud-init[927]: ci-info: |   1   |  fe80::/64  |    ::   |   enp0s3  |   U   |
[   13.178171] cloud-init[927]: ci-info: |   3   |    local    |    ::   |   enp0s3  |   U   |
[   13.182486] cloud-init[927]: ci-info: |   4   |   ff00::/8  |    ::   |   enp0s3  |   U   |
[   13.187399] cloud-init[927]: ci-info: +-------+-------------+---------+-----------+-------+
[   13.792247] cloud-init[927]: Generating public/private rsa key pair.
[   13.795959] cloud-init[927]: Your identification has been saved in /etc/ssh/ssh_host_rsa_key.
[   13.800053] cloud-init[927]: Your public key has been saved in /etc/ssh/ssh_host_rsa_key.pub.
[   13.804222] cloud-init[927]: The key fingerprint is:
[   13.807482] cloud-init[927]: SHA256:Nv1WJ2qIKZlF7Rf2gT9/UUmSLjusfA0d5Hvhm50xCr4 root@ubuntu-bionic
[   13.812186] cloud-init[927]: The key's randomart image is:
[   13.815601] cloud-init[927]: +---[RSA 2048]----+
[   13.818861] cloud-init[927]: |             ... |
[   13.822129] cloud-init[927]: |         .   +o .|
[   13.825288] cloud-init[927]: |        . . B ...|
[   13.828493] cloud-init[927]: |       . o o B o.|
[   13.831581] cloud-init[927]: |        S + = X.o|
[   13.834646] cloud-init[927]: |       = + X = X.|
[   13.838040] cloud-init[927]: |      + + + X o X|
[   13.841084] cloud-init[927]: |       . o = o +o|
[   13.844557] cloud-init[927]: |          .E.    |
[   13.848111] cloud-init[927]: +----[SHA256]-----+
[   13.851722] cloud-init[927]: Generating public/private dsa key pair.
[   13.855146] cloud-init[927]: Your identification has been saved in /etc/ssh/ssh_host_dsa_key.
[   13.859724] cloud-init[927]: Your public key has been saved in /etc/ssh/ssh_host_dsa_key.pub.
[   13.864209] cloud-init[927]: The key fingerprint is:
[   13.867120] cloud-init[927]: SHA256:u6XvqXzTADCS9tqfHjRMarW6AZsXfolrFdfzlQfJ4fs root@ubuntu-bionic
[   13.871145] cloud-init[927]: The key's randomart image is:
[   13.874247] cloud-init[927]: +---[DSA 1024]----+
[   13.877186] cloud-init[927]: |     .       ..o |
[   13.880600] cloud-init[[927]: |    + o      .+  |
[   13.883654] cloud-init[927]: |   . o oo  .  ...|
[   13.884279] cloud-init[927]: |      .=o.. o  oo|
[   13.885012] cloud-init[927]: |    .o+ S+   o...|
[   13.885656] cloud-init[927]: |    .*.=.+.   .. |
[   13.886273] cloud-init[927]: |    o *o=..o    E|
[   13.886910] cloud-init[927]: |     ..*o=o..    |
[   13.887515] cloud-init[927]: |     .o.*=+.     |
[   13.888178] cloud-init[927]: +----[SHA256]-----+
[   13.889051] cloud-init[927]: Generating public/private ecdsa key pair.
[   13.889804] cloud-init[927]: Your identification has been saved in /etc/ssh/ssh_host_ecdsa_key.
[0;32m  OK  [0m] [   13.890204] cloud-init[927]: Your public key has been saved in /etc/ssh/ssh_host_ecdsa_key.pub.
[   13.900838] cloud-init[927]: The key fingerprint is:
[   13.901650] cloud-init[927]: SHA256:31OjH1A6nvGS8CT6HZYqntRPmKktUinY0NWnuSy0Axc root@ubuntu-bionic
[   13.902574] cloud-init[927]: The key's randomart image is:
[   13.903309] cloud-init[927]: +---[ECDSA 256]---+
[   13.903969] cloud-init[927]: |         .       |
[   13.905123] cloud-init[927]: |        E . .    |
[   13.905850] cloud-init[927]: |     . . . +  .  |
[   13.906554] cloud-init[927]: |    . o o o  o   |
[   13.906936] cloud-init[927]: |     + +S+o.* o  |
[   13.907628] cloud-init[927]: |    . o *+o@ @ . |
[   13.908095] cloud-init[927]: |       ooo* # o  |
[   13.908152] cloud-init[927]: |      ..o= * = . |
[   13.909529] cloud-init[927]: |       o+o+ o .  |
[   13.910768] cloud-init[927]: +----[SHA256]-----+
[   13.911362] cloud-init[927]: Generating public/private ed25519 key pair.
[   13.912510] cloud-init[927]: Your identification has been saved in /etc/ssh/ssh_host_ed25519_key.
[   13.913203] cloud-init[927]: Your public key has been saved in /etc/ssh/ssh_host_ed25519_key.pub.
[   13.913870] cloud-init[927]: The key fingerprint is:
[   13.914203] cloud-init[927]: SHA256:ZEBK75v2+HzZecdgzvWtAZ6muJvHfMlE1r5mmkKmvr4 root@ubuntu-bionic
[   13.914889] cloud-init[927]: The key's randomart image is:
[   13.915715] cloud-init[927]: +--[ED25519 256]--+
[   13.916459] cloud-init[927]: |    ..o          |
[   13.917590] cloud-init[927]: |   . o .         |
[   13.918717] cloud-init[927]: |    . . o    .   |
[   13.919123] cloud-init[927]: |     . o    o .  |
[   13.919729] cloud-init[927]: |      . S  o..   |
[   13.920622] cloud-init[927]: |       o  o..o+ .|
[   13.921330] cloud-init[927]: |      +  * =+*.=o|
[   13.922541] cloud-init[927]: |     . +.oBo*.B.=|
[   13.923049] cloud-init[927]: |      .+EB.oo=.o |
[   13.923777] cloud-init[927]: +----[SHA256]-----+
Started Initial cloud-init job (metadata service crawler).
[[0;32m  OK  [0m] Reached target System Initialization.
[[0;32m  OK  [0m] Started Ubuntu Advantage Timer for running repeated jobs.
[[0;32m  OK  [0m] Started ACPI Events Check.
[[0;32m  OK  [0m] Started Message of the Day.
[[0;32m  OK  [0m] Started Daily Cleanup of Temporary Directories.
[[0;32m  OK  [0m] Listening on UUID daemon activation socket.
[[0;32m  OK  [0m] Listening on D-Bus System Message Bus Socket.
[[0;32m  OK  [0m] Listening on ACPID Listen Socket.
         Starting Socket activation for snappy daemon.
[[0;32m  OK  [0m] Listening on Open-iSCSI iscsid Socket.
         Starting LXD - unix socket.
[[0;32m  OK  [0m] Started Discard unused blocks once a week.
[[0;32m  OK  [0m] Reached target Paths.
[[0;32m  OK  [0m] Started Daily apt download activities.
[[0;32m  OK  [0m] Started Daily apt upgrade and clean activities.
[[0;32m  OK  [0m] Reached target Timers.
[[0;32m  OK  [0m] Listening on cloud-init hotplug hook socket.
[[0;32m  OK  [0m] Reached target Network is Online.
         Starting Availability of block devices...
[[0;32m  OK  [0m] Reached target Remote File Systems (Pre).
[[0;32m  OK  [0m] Reached target Remote File Systems.
[[0;32m  OK  [0m] Reached target Cloud-config availability.
[[0;32m  OK  [0m] Listening on Socket activation for snappy daemon.
[[0;32m  OK  [0m] Listening on LXD - unix socket.
[[0;32m  OK  [0m] Started Availability of block devices.
[[0;32m  OK  [0m] Reached target Sockets.
[[0;32m  OK  [0m] Reached target Basic System.
         Starting LSB: Record successful boot for GRUB...
         Starting Login Service...
         Starting Pollinate to seed the pseudo random number generator...
         Starting Dispatcher daemon for systemd-networkd...
         Starting Permit User Sessions...
[[0;32m  OK  [0m] Started Regular background program processing daemon.
[[0;32m  OK  [0m] Started FUSE filesystem for LXC.
[[0;32m  OK  [0m] Reached target Login Prompts (Pre).
[[0;32m  OK  [0m] Started Deferred execution scheduler.
         Starting Accounts Service...
         Starting System Logging Service...
[[0;32m  OK  [0m] Started D-Bus System Message Bus.
[[0;32m  OK  [0m] Started Login Service.
[[0;32m  OK  [0m] Started Unattended Upgrades Shutdown.
         Starting Virtualbox guest utils...
[[0;32m  OK  [0m] Started irqbalance daemon.
         Starting Snap Daemon...
         Starting LSB: automatic crash report generation...
         Starting LXD - container startup/shutdown...
[[0;32m  OK  [0m] Started System Logging Service.
[[0;32m  OK  [0m] Started Permit User Sessions.
         Starting Authorization Manager...
         Starting Hold until boot process finishes up...
         Starting Terminate Plymouth Boot Screen...
[[0;32m  OK  [0m] Started Hold until boot process finishes up.
[[0;32m  OK  [0m] Started Serial Getty on ttyS0.
         Starting Set console scheme...
[[0;32m  OK  [0m] Started Terminate Plymouth Boot Screen.
[[0;32m  OK  [0m] Started Set console scheme.
[[0;32m  OK  [0m] Created slice system-getty.slice.
[[0;32m  OK  [0m] Started Getty on tty1.
[[0;32m  OK  [0m] Reached target Login Prompts.
[[0;32m  OK  [0m] Started LSB: automatic crash report generation.
[[0;32m  OK  [0m] Started Authorization Manager.
[[0;32m  OK  [0m] Started Accounts Service.
[[0;32m  OK  [0m] Started LSB: Record successful boot for GRUB.
[[0;32m  OK  [0m] Started Virtualbox guest utils.
[[0;32m  OK  [0m] Started Dispatcher daemon for systemd-networkd.
[[0;32m  OK  [0m] Started LXD - container startup/shutdown.
[[0;32m  OK  [0m] Started Snap Daemon.
         Starting Wait until snapd is fully seeded...
         Starting Time & Date Service...
[[0;32m  OK  [0m] Started Time & Date Service.
[[0;32m  OK  [0m] Started Pollinate to seed the pseudo random number generator.
         Starting OpenBSD Secure Shell server...
[[0;32m  OK  [0m] Started OpenBSD Secure Shell server.
[[0;32m  OK  [0m] Created slice User Slice of vagrant.
         Starting User Manager for UID 1000...
[[0;32m  OK  [0m] Started Session 1 of user vagrant.
[[0;32m  OK  [0m] Started User Manager for UID 1000.
[[0;32m  OK  [0m] Started Wait until snapd is fully seeded.
         Starting Apply the settings specified in cloud-config...
[   19.174383] cloud-init[1569]: Cloud-init v. 23.1.2-0ubuntu0~18.04.1 running 'modules:config' at Sun, 16 Jun 2024 20:48:38 +0000. Up 18.50 seconds.
[[0;32m  OK  [0m] Started Apply the settings specified in cloud-config.
[[0;32m  OK  [0m] Reached target Multi-User System.
[[0;32m  OK  [0m] Reached target Graphical Interface.
         Starting Execute cloud user/final scripts...
         Starting Update UTMP about System Runlevel Changes...
[[0;32m  OK  [0m] Started Update UTMP about System Runlevel Changes.
ci-info: no authorized SSH keys fingerprints found for user ubuntu.
<14>Jun 16 20:48:40 cloud-init: #############################################################
<14>Jun 16 20:48:40 cloud-init: -----BEGIN SSH HOST KEY FINGERPRINTS-----
<14>Jun 16 20:48:40 cloud-init: 1024 SHA256:u6XvqXzTADCS9tqfHjRMarW6AZsXfolrFdfzlQfJ4fs root@ubuntu-bionic (DSA)
<14>Jun 16 20:48:40 cloud-init: 256 SHA256:31OjH1A6nvGS8CT6HZYqntRPmKktUinY0NWnuSy0Axc root@ubuntu-bionic (ECDSA)
<14>Jun 16 20:48:40 cloud-init: 256 SHA256:ZEBK75v2+HzZecdgzvWtAZ6muJvHfMlE1r5mmkKmvr4 root@ubuntu-bionic (ED25519)
<14>Jun 16 20:48:40 cloud-init: 2048 SHA256:Nv1WJ2qIKZlF7Rf2gT9/UUmSLjusfA0d5Hvhm50xCr4 root@ubuntu-bionic (RSA)
<14>Jun 16 20:48:40 cloud-init: -----END SSH HOST KEY FINGERPRINTS-----
<14>Jun 16 20:48:40 cloud-init: #############################################################
-----BEGIN SSH HOST KEY KEYS-----
ecdsa-sha2-nistp256 AAAAE2VjZHNhLXNoYTItbmlzdHAyNTYAAAAIbmlzdHAyNTYAAABBBDrX6F7ziXBHI/2lmgtcIqe2+djeejMU6rMuSXPqGtD/2cKL1oBV18gYeNEoWDkJu/JlNsyTBDWlwIpTyb3Fefw= root@ubuntu-bionic
ssh-ed25519 AAAAC3NzaC1lZDI1NTE5AAAAII9SKXaZsvuSoMHpIEkOtnn9wepwUTjDkyOuJ5rZB/67 root@ubuntu-bionic
ssh-rsa AAAAB3NzaC1yc2EAAAADAQABAAABAQCyPIU+cU22TRlSmb6h0yrt/1eLO/Wqalc1dzzAPI+wrxZqnkFoaqIXVzGpPQQ7nITigpZdWY1c+R2vj5xRSwSM26f9KjSBLT7VGx8wr2k8qMSj9C0oY12nf3lxu9OxnPnI5fWH/SsAH8Rs4McQipy+kqn68BIjQ2JCFIU/yL+o0G5oOu2sFYBwI01PhHoEY6b/dT1xy2+12/gNvgXiiLBuEQTLXiaMKBZFJKLGoJvmsDcRjd3U6vWbDrS7zTVjU0Eij1v2OsjXcu3aG7hnl+JzvZYXQ/Wq0c/uaeFQQgMY5v/a9Put4YtLs56dedEz0Yjj8WM/CZ4pp3o8bdkzDXLb root@ubuntu-bionic
-----END SSH HOST KEY KEYS-----
[   20.105079] cloud-init[1666]: Cloud-init v. 23.1.2-0ubuntu0~18.04.1 running 'modules:final' at Sun, 16 Jun 2024 20:48:39 +0000. Up 19.86 seconds.
[   20.105582] cloud-init[1666]: Cloud-init v. 23.1.2-0ubuntu0~18.04.1 finished at Sun, 16 Jun 2024 20:48:40 +0000. Datasource DataSourceNoCloud [seed=/dev/sdb][dsmode=net].  Up 20.09 seconds

Ubuntu 18.04.6 LTS ubuntu-bionic ttyS0

ubuntu-bionic login: 